C51 COMPILER V9.59.0.0   OLED                                                              11/23/2019 19:42:48 PAGE 1   


C51 COMPILER V9.59.0.0, COMPILATION OF MODULE OLED
OBJECT MODULE PLACED IN oled.obj
COMPILER INVOKED BY: C:\Keil_v5\C51\BIN\C51.EXE SRC\oled.c BROWSE INCDIR(.\SRC) DEBUG OBJECTEXTEND PRINT(.\oled.lst) TAB
                    -S(2) OBJECT(oled.obj)

line level    source

   1          //////////////////////////////////////////////////////////////////////////////////   
   2          //本程序只供学习使用，未经作者许可，不得用于其它任何用途
   3          //中景园电子
   4          //店铺地址：http://shop73023976.taobao.com/?spm=2013.1.0.0.M4PqC2
   5          //
   6          //  文 件 名   : main.c
   7          //  版 本 号   : v2.0
   8          //  作    者   : HuangKai
   9          //  生成日期   : 2014-0101
  10          //  最近修改   : 
  11          //  功能描述   : OLED 4接口演示例程(51系列)
  12          //              说明: 
  13          //              ----------------------------------------------------------------
  14          //              GND    电源地
  15          //              VCC  接5V或3.3v电源
  16          //              D0   P1^0（SCL）
  17          //              D1   P1^1（SDA）
  18          //              RES  接P12
  19          //              DC   接P13
  20          //              CS   接P14               
  21          //              ----------------------------------------------------------------
  22          // 修改历史   :
  23          // 日    期   : 
  24          // 作    者   : HuangKai
  25          // 修改内容   : 创建文件
  26          //版权所有，盗版必究。
  27          //Copyright(C) 中景园电子2014/3/16
  28          //All rights reserved
  29          //******************************************************************************/。
  30          #include "oled.h"
  31          //#include "stdlib.h"
  32          #include "oledfont.h"    
  33          //#include "delay.h"
  34          //OLED的显存
  35          //存放格式如下.
  36          //[0]0 1 2 3 ... 127  
  37          //[1]0 1 2 3 ... 127  
  38          //[2]0 1 2 3 ... 127  
  39          //[3]0 1 2 3 ... 127  
  40          //[4]0 1 2 3 ... 127  
  41          //[5]0 1 2 3 ... 127  
  42          //[6]0 1 2 3 ... 127  
  43          //[7]0 1 2 3 ... 127         
  44          void delay_ms(unsigned int ms)
  45          {                         
  46   1        unsigned int a;
  47   1        while(ms)
  48   1        {
  49   2          a=1800;
  50   2          while(a--);
  51   2          ms--;
  52   2        }
  53   1      }
  54          #if OLED_MODE==1
C51 COMPILER V9.59.0.0   OLED                                                              11/23/2019 19:42:48 PAGE 2   

              //向SSD1106写入一个字节。
              //dat:要写入的数据/命令
              //cmd:数据/命令标志 0,表示命令;1,表示数据;
              void OLED_WR_Byte(u8 dat,u8 cmd)
              {
                DATAOUT(dat);     
                if(cmd)
                  OLED_DC_Set();
                else 
                  OLED_DC_Clr();       
                OLED_CS_Clr();
                OLED_WR_Clr();   
                OLED_WR_Set();
                OLED_CS_Set();    
                OLED_DC_Set();   
              }             
              #else
  72          //向SSD1306写入一个字节。
  73          //dat:要写入的数据/命令
  74          //cmd:数据/命令标志 0,表示命令;1,表示数据;
  75          void OLED_WR_Byte(u8 dat,u8 cmd)
  76          { 
  77   1        u8 i;       
  78   1        if(cmd)
  79   1          OLED_DC_Set();
  80   1        else 
  81   1          OLED_DC_Clr();      
  82   1        OLED_CS_Clr();
  83   1        for(i=0;i<8;i++)
  84   1        {       
  85   2          OLED_SCLK_Clr();
  86   2          if(dat&0x80)
  87   2            {
  88   3             OLED_SDIN_Set();
  89   3            }
  90   2      else
  91   2             OLED_SDIN_Clr();
  92   2              OLED_SCLK_Set();
  93   2          dat<<=1;   
  94   2        }             
  95   1        OLED_CS_Set();
  96   1        OLED_DC_Set();      
  97   1      } 
  98          #endif
  99            void OLED_Set_Pos(unsigned char x, unsigned char y) 
 100          { 
 101   1        OLED_WR_Byte(0xb0+y,OLED_CMD);
 102   1        OLED_WR_Byte(((x&0xf0)>>4)|0x10,OLED_CMD);
 103   1        OLED_WR_Byte((x&0x0f)|0x01,OLED_CMD); 
 104   1      }       
 105          //开启OLED显示    
 106          void OLED_Display_On(void)
 107          {
 108   1        OLED_WR_Byte(0X8D,OLED_CMD);  //SET DCDC命令
 109   1        OLED_WR_Byte(0X14,OLED_CMD);  //DCDC ON
 110   1        OLED_WR_Byte(0XAF,OLED_CMD);  //DISPLAY ON
 111   1      }
 112          //关闭OLED显示     
 113          void OLED_Display_Off(void)
 114          {
 115   1        OLED_WR_Byte(0X8D,OLED_CMD);  //SET DCDC命令
 116   1        OLED_WR_Byte(0X10,OLED_CMD);  //DCDC OFF
C51 COMPILER V9.59.0.0   OLED                                                              11/23/2019 19:42:48 PAGE 3   

 117   1        OLED_WR_Byte(0XAE,OLED_CMD);  //DISPLAY OFF
 118   1      }            
 119          //清屏函数,清完屏,整个屏幕是黑色的!和没点亮一样!!!    
 120          void OLED_Clear(void)  
 121          {  
 122   1        u8 i,n;       
 123   1        for(i=0;i<8;i++)  
 124   1        {  
 125   2          OLED_WR_Byte (0xb0+i,OLED_CMD);    //设置页地址（0~7）
 126   2          OLED_WR_Byte (0x00,OLED_CMD);      //设置显示位置―列低地址
 127   2          OLED_WR_Byte (0x10,OLED_CMD);      //设置显示位置―列高地址   
 128   2          for(n=0;n<128;n++)OLED_WR_Byte(0,OLED_DATA); 
 129   2        } //更新显示
 130   1      }
 131          
 132          
 133          //在指定位置显示一个字符,包括部分字符
 134          //x:0~127
 135          //y:0~63
 136          //mode:0,反白显示;1,正常显示         
 137          //size:选择字体 16/12 
 138          void OLED_ShowChar(u8 x,u8 y,u8 chr)
 139          {       
 140   1        unsigned char c=0,i=0;  
 141   1          c=chr-' ';//得到偏移后的值      
 142   1          if(x>Max_Column-1){x=0;y=y+2;}
 143   1          if(SIZE ==16)
 144   1            {
 145   2            OLED_Set_Pos(x,y);  
 146   2            for(i=0;i<8;i++)
 147   2            OLED_WR_Byte(F8X16[c*16+i],OLED_DATA);
 148   2            OLED_Set_Pos(x,y+1);
 149   2            for(i=0;i<8;i++)
 150   2            OLED_WR_Byte(F8X16[c*16+i+8],OLED_DATA);
 151   2            }
 152   1            else {  
 153   2              OLED_Set_Pos(x,y+1);
 154   2              for(i=0;i<6;i++)
 155   2              OLED_WR_Byte(F6x8[c][i],OLED_DATA);
 156   2              
 157   2            }
 158   1      }
 159          //m^n函数
 160          u32 oled_pow(u8 m,u8 n)
 161          {
 162   1        u32 result=1;  
 163   1        while(n--)result*=m;    
 164   1        return result;
 165   1      }         
 166          //显示2个数字
 167          //x,y :起点坐标  
 168          //len :数字的位数
 169          //size:字体大小
 170          //mode:模式 0,填充模式;1,叠加模式
 171          //num:数值(0~4294967295);       
 172          void OLED_ShowNum(u8 x,u8 y,u32 num,u8 len,u8 size2)
 173          {           
 174   1        u8 t,temp;
 175   1        u8 enshow=0;               
 176   1        for(t=0;t<len;t++)
 177   1        {
 178   2          temp=(num/oled_pow(10,len-t-1))%10;
C51 COMPILER V9.59.0.0   OLED                                                              11/23/2019 19:42:48 PAGE 4   

 179   2          if(enshow==0&&t<(len-1))
 180   2          {
 181   3            if(temp==0)
 182   3            {
 183   4              OLED_ShowChar(x+(size2/2)*t,y,' ');
 184   4              continue;
 185   4            }else enshow=1; 
 186   3             
 187   3          }
 188   2          OLED_ShowChar(x+(size2/2)*t,y,temp+'0'); 
 189   2        }
 190   1      } 
 191          //显示一个字符号串
 192          void OLED_ShowString(u8 x,u8 y,u8 *chr)
 193          {
 194   1        unsigned char j=0;
 195   1        while (chr[j]!='\0')
 196   1        {   OLED_ShowChar(x,y,chr[j]);
 197   2            x+=8;
 198   2          if(x>120){x=0;y+=2;}
 199   2            j++;
 200   2        }
 201   1      }
 202          //显示汉字
 203          void OLED_ShowCHinese(u8 x,u8 y,u8 no)
 204          {               
 205   1        u8 t,adder=0;
 206   1        OLED_Set_Pos(x,y);  
 207   1          for(t=0;t<16;t++)
 208   1          {
 209   2              OLED_WR_Byte(Hzk[2*no][t],OLED_DATA);
 210   2              adder+=1;
 211   2           }  
 212   1          OLED_Set_Pos(x,y+1);  
 213   1          for(t=0;t<16;t++)
 214   1            { 
 215   2              OLED_WR_Byte(Hzk[2*no+1][t],OLED_DATA);
 216   2              adder+=1;
 217   2            }         
 218   1      }
 219          /***********功能描述：显示显示BMP图片128×64起始点坐标(x,y),x的范围0～127，y为页的范围0～7****************
             -*/
 220          void OLED_DrawBMP(unsigned char x0, unsigned char y0,unsigned char x1, unsigned char y1,unsigned char BMP[
             -])
 221          {   
 222   1       unsigned int j=0;
 223   1       unsigned char x,y;
 224   1        
 225   1        if(y1%8==0) y=y1/8;      
 226   1        else y=y1/8+1;
 227   1        for(y=y0;y<y1;y++)
 228   1        {
 229   2          OLED_Set_Pos(x0,y);
 230   2          for(x=x0;x<x1;x++)
 231   2            {      
 232   3              OLED_WR_Byte(BMP[j++],OLED_DATA);       
 233   3            }
 234   2        }
 235   1      } 
 236          
 237          
 238          //初始化SSD1306             
C51 COMPILER V9.59.0.0   OLED                                                              11/23/2019 19:42:48 PAGE 5   

 239          void OLED_Init(void)
 240          {
 241   1       
 242   1      
 243   1       
 244   1        OLED_RST_Set();
 245   1        delay_ms(100);
 246   1        OLED_RST_Clr();
 247   1        delay_ms(100);
 248   1        OLED_RST_Set(); 
 249   1        /*          
 250   1        OLED_WR_Byte(0xAE,OLED_CMD);//--turn off oled panel
 251   1        OLED_WR_Byte(0x00,OLED_CMD);//---set low column address
 252   1        OLED_WR_Byte(0x10,OLED_CMD);//---set high column address
 253   1        OLED_WR_Byte(0x40,OLED_CMD);//--set start line address  Set Mapping RAM Display Start Line (0x00~0x3F)
 254   1        OLED_WR_Byte(0x81,OLED_CMD);//--set contrast control register
 255   1        OLED_WR_Byte(0xCF,OLED_CMD); // Set SEG Output Current Brightness
 256   1        OLED_WR_Byte(0xA1,OLED_CMD);//--Set SEG/Column Mapping     0xa0左右反置 0xa1正常
 257   1        OLED_WR_Byte(0xC8,OLED_CMD);//Set COM/Row Scan Direction   0xc0上下反置 0xc8正常
 258   1        OLED_WR_Byte(0xA6,OLED_CMD);//--set normal display
 259   1        OLED_WR_Byte(0xA8,OLED_CMD);//--set multiplex ratio(1 to 64)
 260   1        OLED_WR_Byte(0x3f,OLED_CMD);//--1/64 duty
 261   1        OLED_WR_Byte(0xD3,OLED_CMD);//-set display offset Shift Mapping RAM Counter (0x00~0x3F)
 262   1        OLED_WR_Byte(0x00,OLED_CMD);//-not offset
 263   1        OLED_WR_Byte(0xd5,OLED_CMD);//--set display clock divide ratio/oscillator frequency
 264   1        OLED_WR_Byte(0x80,OLED_CMD);//--set divide ratio, Set Clock as 100 Frames/Sec
 265   1        OLED_WR_Byte(0xD9,OLED_CMD);//--set pre-charge period
 266   1        OLED_WR_Byte(0xF1,OLED_CMD);//Set Pre-Charge as 15 Clocks & Discharge as 1 Clock
 267   1        OLED_WR_Byte(0xDA,OLED_CMD);//--set com pins hardware configuration
 268   1        OLED_WR_Byte(0x12,OLED_CMD);
 269   1        OLED_WR_Byte(0xDB,OLED_CMD);//--set vcomh
 270   1        OLED_WR_Byte(0x40,OLED_CMD);//Set VCOM Deselect Level
 271   1        OLED_WR_Byte(0x20,OLED_CMD);//-Set Page Addressing Mode (0x00/0x01/0x02)
 272   1        OLED_WR_Byte(0x02,OLED_CMD);//
 273   1        OLED_WR_Byte(0x8D,OLED_CMD);//--set Charge Pump enable/disable
 274   1        OLED_WR_Byte(0x14,OLED_CMD);//--set(0x10) disable
 275   1        OLED_WR_Byte(0xA4,OLED_CMD);// Disable Entire Display On (0xa4/0xa5)
 276   1        OLED_WR_Byte(0xA6,OLED_CMD);// Disable Inverse Display On (0xa6/a7) 
 277   1        OLED_WR_Byte(0xAF,OLED_CMD);//--turn on oled panel
 278   1        */
 279   1      
 280   1        OLED_WR_Byte(0xAE,OLED_CMD);//--turn off oled panel
 281   1        OLED_WR_Byte(0x00,OLED_CMD);//---set low column address
 282   1        OLED_WR_Byte(0x10,OLED_CMD);//---set high column address
 283   1        OLED_WR_Byte(0x40,OLED_CMD);//--set start line address  Set Mapping RAM Display Start Line (0x00~0x3F)
 284   1        OLED_WR_Byte(0x81,OLED_CMD);//--set contrast control register
 285   1        OLED_WR_Byte(0xCF,OLED_CMD); // Set SEG Output Current Brightness
 286   1        OLED_WR_Byte(0xA1,OLED_CMD);//--Set SEG/Column Mapping     0xa0左右反置 0xa1正常
 287   1        OLED_WR_Byte(0xC8,OLED_CMD);//Set COM/Row Scan Direction   0xc0上下反置 0xc8正常
 288   1        OLED_WR_Byte(0xA6,OLED_CMD);//--set normal display
 289   1        OLED_WR_Byte(0xA8,OLED_CMD);//--set multiplex ratio(1 to 64)
 290   1        OLED_WR_Byte(0x3f,OLED_CMD);//--1/64 duty
 291   1        OLED_WR_Byte(0xD3,OLED_CMD);//-set display offset Shift Mapping RAM Counter (0x00~0x3F)
 292   1        OLED_WR_Byte(0x00,OLED_CMD);//-not offset
 293   1        OLED_WR_Byte(0xd5,OLED_CMD);//--set display clock divide ratio/oscillator frequency
 294   1        OLED_WR_Byte(0x80,OLED_CMD);//--set divide ratio, Set Clock as 100 Frames/Sec
 295   1        OLED_WR_Byte(0xD9,OLED_CMD);//--set pre-charge period
 296   1        OLED_WR_Byte(0xF1,OLED_CMD);//Set Pre-Charge as 15 Clocks & Discharge as 1 Clock
 297   1        OLED_WR_Byte(0xDA,OLED_CMD);//--set com pins hardware configuration
 298   1        OLED_WR_Byte(0x12,OLED_CMD);
 299   1        OLED_WR_Byte(0xDB,OLED_CMD);//--set vcomh
 300   1        OLED_WR_Byte(0x40,OLED_CMD);//Set VCOM Deselect Level
C51 COMPILER V9.59.0.0   OLED                                                              11/23/2019 19:42:48 PAGE 6   

 301   1        OLED_WR_Byte(0x20,OLED_CMD);//-Set Page Addressing Mode (0x00/0x01/0x02)
 302   1        OLED_WR_Byte(0x02,OLED_CMD);//
 303   1        OLED_WR_Byte(0x8D,OLED_CMD);//--set Charge Pump enable/disable
 304   1        OLED_WR_Byte(0x14,OLED_CMD);//--set(0x10) disable
 305   1        OLED_WR_Byte(0xA4,OLED_CMD);// Disable Entire Display On (0xa4/0xa5)
 306   1        OLED_WR_Byte(0xA6,OLED_CMD);// Disable Inverse Display On (0xa6/a7) 
 307   1        OLED_WR_Byte(0xAF,OLED_CMD);//--turn on oled panel
 308   1        
 309   1        OLED_WR_Byte(0xAF,OLED_CMD); /*display ON*/ 
 310   1        OLED_Clear();
 311   1        OLED_Set_Pos(0,0);  
 312   1      }  
 313          
*** WARNING C294 IN LINE 153 OF SRC\oled.c: unreachable code


MODULE INFORMATION:   STATIC OVERLAYABLE
   CODE SIZE        =    903    ----
   CONSTANT SIZE    =   2520    ----
   XDATA SIZE       =   ----    ----
   PDATA SIZE       =   ----    ----
   DATA SIZE        =   ----      27
   IDATA SIZE       =   ----    ----
   BIT SIZE         =   ----    ----
END OF MODULE INFORMATION.


C51 COMPILATION COMPLETE.  1 WARNING(S),  0 ERROR(S)
